# JRE version: OpenJDK Runtime Environment AdoptOpenJDK-11.0.11+9 (11.0.11+9) (build 11.0.11+9)
# Java VM: OpenJDK 64-Bit Server VM AdoptOpenJDK-11.0.11+9 (11.0.11+9, mixed mode, tiered, compressed oops, g1 gc, windows-amd64)
Heap:
 garbage-first heap   total 262144K, used 149626K [0x0000000701c00000, 0x0000000800000000)
  region size 1024K, 134 young (137216K), 13 survivors (13312K)
 Metaspace       used 83755K, capacity 85751K, committed 85976K, reserved 1124352K
  class space    used 10575K, capacity 11376K, committed 11480K, reserved 1048576K
GC Heap History (16 events):
Event: 1.488 GC heap before
{Heap before GC invocations=0 (full 0):
 garbage-first heap   total 262144K, used 25600K [0x0000000701c00000, 0x0000000800000000)
  region size 1024K, 24 young (24576K), 0 survivors (0K)
 Metaspace       used 11881K, capacity 12092K, committed 12288K, reserved 1060864K
  class space    used 1182K, capacity 1252K, committed 1280K, reserved 1048576K
}
Event: 1.495 GC heap after
{Heap after GC invocations=1 (full 0):
 garbage-first heap   total 262144K, used 6712K [0x0000000701c00000, 0x0000000800000000)
  region size 1024K, 3 young (3072K), 3 survivors (3072K)
 Metaspace       used 11881K, capacity 12092K, committed 12288K, reserved 1060864K
  class space    used 1182K, capacity 1252K, committed 1280K, reserved 1048576K
}
Event: 2.558 GC heap before
{Heap before GC invocations=1 (full 0):
 garbage-first heap   total 262144K, used 45624K [0x0000000701c00000, 0x0000000800000000)
  region size 1024K, 42 young (43008K), 3 survivors (3072K)
 Metaspace       used 20559K, capacity 21025K, committed 21248K, reserved 1069056K
  class space    used 2356K, capacity 2532K, committed 2560K, reserved 1048576K
}
Event: 2.566 GC heap after
{Heap after GC invocations=2 (full 0):
 garbage-first heap   total 262144K, used 8760K [0x0000000701c00000, 0x0000000800000000)
  region size 1024K, 5 young (5120K), 5 survivors (5120K)
 Metaspace       used 20559K, capacity 21025K, committed 21248K, reserved 1069056K
  class space    used 2356K, capacity 2532K, committed 2560K, reserved 1048576K
}
Event: 2.924 GC heap before
{Heap before GC invocations=3 (full 0):
 garbage-first heap   total 262144K, used 29240K [0x0000000701c00000, 0x0000000800000000)
  region size 1024K, 25 young (25600K), 5 survivors (5120K)
 Metaspace       used 23791K, capacity 24319K, committed 24576K, reserved 1071104K
  class space    used 2770K, capacity 2993K, committed 3072K, reserved 1048576K
}
Event: 2.929 GC heap after
{Heap after GC invocations=4 (full 0):
 garbage-first heap   total 262144K, used 9642K [0x0000000701c00000, 0x0000000800000000)
  region size 1024K, 3 young (3072K), 3 survivors (3072K)
 Metaspace       used 23791K, capacity 24319K, committed 24576K, reserved 1071104K
  class space    used 2770K, capacity 2993K, committed 3072K, reserved 1048576K
}
Event: 3.699 GC heap before
{Heap before GC invocations=4 (full 0):
 garbage-first heap   total 262144K, used 63914K [0x0000000701c00000, 0x0000000800000000)
  region size 1024K, 57 young (58368K), 3 survivors (3072K)
 Metaspace       used 27744K, capacity 28327K, committed 28416K, reserved 1075200K
  class space    used 3245K, capacity 3518K, committed 3584K, reserved 1048576K
}
Event: 3.703 GC heap after
{Heap after GC invocations=5 (full 0):
 garbage-first heap   total 262144K, used 10893K [0x0000000701c00000, 0x0000000800000000)
  region size 1024K, 5 young (5120K), 5 survivors (5120K)
 Metaspace       used 27744K, capacity 28327K, committed 28416K, reserved 1075200K
  class space    used 3245K, capacity 3518K, committed 3584K, reserved 1048576K
}
Event: 6.692 GC heap before
{Heap before GC invocations=5 (full 0):
 garbage-first heap   total 262144K, used 91789K [0x0000000701c00000, 0x0000000800000000)
  region size 1024K, 86 young (88064K), 5 survivors (5120K)
 Metaspace       used 34596K, capacity 35430K, committed 35584K, reserved 1081344K
  class space    used 4147K, capacity 4500K, committed 4608K, reserved 1048576K
}
Event: 6.705 GC heap after
{Heap after GC invocations=6 (full 0):
 garbage-first heap   total 262144K, used 14112K [0x0000000701c00000, 0x0000000800000000)
  region size 1024K, 8 young (8192K), 8 survivors (8192K)
 Metaspace       used 34596K, capacity 35430K, committed 35584K, reserved 1081344K
  class space    used 4147K, capacity 4500K, committed 4608K, reserved 1048576K
}
Event: 11.519 GC heap before
{Heap before GC invocations=7 (full 0):
 garbage-first heap   total 262144K, used 161568K [0x0000000701c00000, 0x0000000800000000)
  region size 1024K, 153 young (156672K), 8 survivors (8192K)
 Metaspace       used 50800K, capacity 52040K, committed 52224K, reserved 1095680K
  class space    used 6292K, capacity 6794K, committed 6912K, reserved 1048576K
}
Event: 11.533 GC heap after
{Heap after GC invocations=8 (full 0):
 garbage-first heap   total 262144K, used 20009K [0x0000000701c00000, 0x0000000800000000)
  region size 1024K, 13 young (13312K), 13 survivors (13312K)
 Metaspace       used 50800K, capacity 52040K, committed 52224K, reserved 1095680K
  class space    used 6292K, capacity 6794K, committed 6912K, reserved 1048576K
}
Event: 12.592 GC heap before
{Heap before GC invocations=8 (full 0):
 garbage-first heap   total 262144K, used 60969K [0x0000000701c00000, 0x0000000800000000)
  region size 1024K, 54 young (55296K), 13 survivors (13312K)
 Metaspace       used 58356K, capacity 59653K, committed 59736K, reserved 1101824K
  class space    used 7427K, capacity 7947K, committed 8024K, reserved 1048576K
}
Event: 12.619 GC heap after
{Heap after GC invocations=9 (full 0):
 garbage-first heap   total 262144K, used 21701K [0x0000000701c00000, 0x0000000800000000)
  region size 1024K, 12 young (12288K), 12 survivors (12288K)
 Metaspace       used 58356K, capacity 59653K, committed 59736K, reserved 1101824K
  class space    used 7427K, capacity 7947K, committed 8024K, reserved 1048576K
}
Event: 14.954 GC heap before
{Heap before GC invocations=10 (full 0):
 garbage-first heap   total 262144K, used 147653K [0x0000000701c00000, 0x0000000800000000)
  region size 1024K, 135 young (138240K), 12 survivors (12288K)
 Metaspace       used 68188K, capacity 69923K, committed 70232K, reserved 1110016K
  class space    used 8779K, capacity 9473K, committed 9560K, reserved 1048576K
}
Event: 14.967 GC heap after
{Heap after GC invocations=11 (full 0):
 garbage-first heap   total 262144K, used 26746K [0x0000000701c00000, 0x0000000800000000)
  region size 1024K, 13 young (13312K), 13 survivors (13312K)
 Metaspace       used 68188K, capacity 69923K, committed 70232K, reserved 1110016K
  class space    used 8779K, capacity 9473K, committed 9560K, reserved 1048576K
}

